# JRE version: OpenJDK Runtime Environment (15.0.1+9) (build 15.0.1+9-18)
# Java VM: OpenJDK 64-Bit Server VM (15.0.1+9-18, mixed mode, tiered, compressed oops, g1 gc, windows-amd64)
GC Precious Log:
 CPUs: 8 total, 8 available
 Memory: 32652M
 Large Page Support: Disabled
 NUMA Support: Disabled
 Compressed Oops: Enabled (Zero based)
 Heap Region Size: 4M
 Heap Min Capacity: 8M
 Heap Initial Capacity: 512M
 Heap Max Capacity: 8164M
 Pre-touch: Disabled
 Parallel Workers: 8
 Concurrent Workers: 2
 Concurrent Refinement Workers: 8
 Periodic GC: Disabled
Heap:
 garbage-first heap   total 307200K, used 139235K [0x0000000601c00000, 0x0000000800000000)
  region size 4096K, 20 young (81920K), 6 survivors (24576K)
 Metaspace       used 40519K, capacity 40969K, committed 41088K, reserved 1085440K
  class space    used 4770K, capacity 4913K, committed 4992K, reserved 1048576K
GC Heap History (20 events):
Event: 1.544 GC heap before
{Heap before GC invocations=2 (full 0):
 garbage-first heap   total 524288K, used 48654K [0x0000000601c00000, 0x0000000800000000)
  region size 4096K, 12 young (49152K), 1 survivors (4096K)
 Metaspace       used 20973K, capacity 21129K, committed 21248K, reserved 1069056K
  class space    used 2152K, capacity 2215K, committed 2304K, reserved 1048576K
}
Event: 1.547 GC heap after
{Heap after GC invocations=3 (full 0):
 garbage-first heap   total 524288K, used 8679K [0x0000000601c00000, 0x0000000800000000)
  region size 4096K, 1 young (4096K), 1 survivors (4096K)
 Metaspace       used 20973K, capacity 21129K, committed 21248K, reserved 1069056K
  class space    used 2152K, capacity 2215K, committed 2304K, reserved 1048576K
}
Event: 1.909 GC heap before
{Heap before GC invocations=4 (full 0):
 garbage-first heap   total 57344K, used 37351K [0x0000000601c00000, 0x0000000800000000)
  region size 4096K, 8 young (32768K), 1 survivors (4096K)
 Metaspace       used 23928K, capacity 24177K, committed 24448K, reserved 1071104K
  class space    used 2585K, capacity 2654K, committed 2688K, reserved 1048576K
}
Event: 1.913 GC heap after
{Heap after GC invocations=5 (full 0):
 garbage-first heap   total 57344K, used 9666K [0x0000000601c00000, 0x0000000800000000)
  region size 4096K, 1 young (4096K), 1 survivors (4096K)
 Metaspace       used 23928K, capacity 24177K, committed 24448K, reserved 1071104K
  class space    used 2585K, capacity 2654K, committed 2688K, reserved 1048576K
}
Event: 2.153 GC heap before
{Heap before GC invocations=5 (full 0):
 garbage-first heap   total 57344K, used 30146K [0x0000000601c00000, 0x0000000800000000)
  region size 4096K, 6 young (24576K), 1 survivors (4096K)
 Metaspace       used 25620K, capacity 25838K, committed 25984K, reserved 1073152K
  class space    used 2801K, capacity 2886K, committed 2944K, reserved 1048576K
}
Event: 2.156 GC heap after
{Heap after GC invocations=6 (full 0):
 garbage-first heap   total 57344K, used 10368K [0x0000000601c00000, 0x0000000800000000)
  region size 4096K, 1 young (4096K), 1 survivors (4096K)
 Metaspace       used 25620K, capacity 25838K, committed 25984K, reserved 1073152K
  class space    used 2801K, capacity 2886K, committed 2944K, reserved 1048576K
}
Event: 2.440 GC heap before
{Heap before GC invocations=6 (full 0):
 garbage-first heap   total 57344K, used 30848K [0x0000000601c00000, 0x0000000800000000)
  region size 4096K, 6 young (24576K), 1 survivors (4096K)
 Metaspace       used 27635K, capacity 27840K, committed 28032K, reserved 1075200K
  class space    used 3065K, capacity 3125K, committed 3200K, reserved 1048576K
}
Event: 2.445 GC heap after
{Heap after GC invocations=7 (full 0):
 garbage-first heap   total 57344K, used 11253K [0x0000000601c00000, 0x0000000800000000)
  region size 4096K, 1 young (4096K), 1 survivors (4096K)
 Metaspace       used 27635K, capacity 27840K, committed 28032K, reserved 1075200K
  class space    used 3065K, capacity 3125K, committed 3200K, reserved 1048576K
}
Event: 2.724 GC heap before
{Heap before GC invocations=7 (full 0):
 garbage-first heap   total 57344K, used 35829K [0x0000000601c00000, 0x0000000800000000)
  region size 4096K, 7 young (28672K), 1 survivors (4096K)
 Metaspace       used 30081K, capacity 30364K, committed 30592K, reserved 1077248K
  class space    used 3517K, capacity 3622K, committed 3712K, reserved 1048576K
}
Event: 2.728 GC heap after
{Heap after GC invocations=8 (full 0):
 garbage-first heap   total 57344K, used 11954K [0x0000000601c00000, 0x0000000800000000)
  region size 4096K, 1 young (4096K), 1 survivors (4096K)
 Metaspace       used 30081K, capacity 30364K, committed 30592K, reserved 1077248K
  class space    used 3517K, capacity 3622K, committed 3712K, reserved 1048576K
}
Event: 2.980 GC heap before
{Heap before GC invocations=8 (full 0):
 garbage-first heap   total 57344K, used 36530K [0x0000000601c00000, 0x0000000800000000)
  region size 4096K, 7 young (28672K), 1 survivors (4096K)
 Metaspace       used 32132K, capacity 32442K, committed 32640K, reserved 1077248K
  class space    used 3863K, capacity 3948K, committed 3968K, reserved 1048576K
}
Event: 2.983 GC heap after
{Heap after GC invocations=9 (full 0):
 garbage-first heap   total 57344K, used 12285K [0x0000000601c00000, 0x0000000800000000)
  region size 4096K, 1 young (4096K), 1 survivors (4096K)
 Metaspace       used 32132K, capacity 32442K, committed 32640K, reserved 1077248K
  class space    used 3863K, capacity 3948K, committed 3968K, reserved 1048576K
}
Event: 3.091 GC heap before
{Heap before GC invocations=9 (full 0):
 garbage-first heap   total 57344K, used 32765K [0x0000000601c00000, 0x0000000800000000)
  region size 4096K, 5 young (20480K), 1 survivors (4096K)
 Metaspace       used 33495K, capacity 33818K, committed 34176K, reserved 1079296K
  class space    used 4002K, capacity 4108K, committed 4224K, reserved 1048576K
}
Event: 3.094 GC heap after
{Heap after GC invocations=10 (full 0):
 garbage-first heap   total 57344K, used 21003K [0x0000000601c00000, 0x0000000800000000)
  region size 4096K, 1 young (4096K), 1 survivors (4096K)
 Metaspace       used 33495K, capacity 33818K, committed 34176K, reserved 1079296K
  class space    used 4002K, capacity 4108K, committed 4224K, reserved 1048576K
}
Event: 3.120 GC heap before
{Heap before GC invocations=11 (full 0):
 garbage-first heap   total 90112K, used 53771K [0x0000000601c00000, 0x0000000800000000)
  region size 4096K, 3 young (12288K), 1 survivors (4096K)
 Metaspace       used 33497K, capacity 33818K, committed 34176K, reserved 1079296K
  class space    used 4002K, capacity 4108K, committed 4224K, reserved 1048576K
}
Event: 3.123 GC heap after
{Heap after GC invocations=12 (full 0):
 garbage-first heap   total 90112K, used 29410K [0x0000000601c00000, 0x0000000800000000)
  region size 4096K, 1 young (4096K), 1 survivors (4096K)
 Metaspace       used 33497K, capacity 33818K, committed 34176K, reserved 1079296K
  class space    used 4002K, capacity 4108K, committed 4224K, reserved 1048576K
}
Event: 3.495 GC heap before
{Heap before GC invocations=13 (full 0):
 garbage-first heap   total 90112K, used 66274K [0x0000000601c00000, 0x0000000800000000)
  region size 4096K, 9 young (36864K), 1 survivors (4096K)
 Metaspace       used 37509K, capacity 37833K, committed 38144K, reserved 1083392K
  class space    used 4402K, capacity 4503K, committed 4608K, reserved 1048576K
}
Event: 3.501 GC heap after
{Heap after GC invocations=14 (full 0):
 garbage-first heap   total 307200K, used 27873K [0x0000000601c00000, 0x0000000800000000)
  region size 4096K, 2 young (8192K), 2 survivors (8192K)
 Metaspace       used 37509K, capacity 37833K, committed 38144K, reserved 1083392K
  class space    used 4402K, capacity 4503K, committed 4608K, reserved 1048576K
}
Event: 4.724 GC heap before
{Heap before GC invocations=14 (full 0):
 garbage-first heap   total 307200K, used 204001K [0x0000000601c00000, 0x0000000800000000)
  region size 4096K, 45 young (184320K), 2 survivors (8192K)
 Metaspace       used 40155K, capacity 40605K, committed 40832K, reserved 1085440K
  class space    used 4738K, capacity 4879K, committed 4992K, reserved 1048576K
}
Event: 4.757 GC heap after
{Heap after GC invocations=15 (full 0):
 garbage-first heap   total 307200K, used 85987K [0x0000000601c00000, 0x0000000800000000)
  region size 4096K, 6 young (24576K), 6 survivors (24576K)
 Metaspace       used 40155K, capacity 40605K, committed 40832K, reserved 1085440K
  class space    used 4738K, capacity 4879K, committed 4992K, reserved 1048576K
}

